# JRE version: OpenJDK Runtime Environment Temurin-11.0.18+10 (11.0.18+10) (build 11.0.18+10)
# Java VM: OpenJDK 64-Bit Server VM Temurin-11.0.18+10 (11.0.18+10, mixed mode, tiered, compressed oops, g1 gc, windows-amd64)
Heap:
 garbage-first heap   total 96256K, used 62675K [0x0000000602800000, 0x0000000800000000)
  region size 2048K, 4 young (8192K), 1 survivors (2048K)
 Metaspace       used 28272K, capacity 28843K, committed 29232K, reserved 1075200K
  class space    used 2342K, capacity 2562K, committed 2688K, reserved 1048576K
GC Heap History (20 events):
Event: 18.447 GC heap before
{Heap before GC invocations=14 (full 1):
 garbage-first heap   total 102400K, used 59354K [0x0000000602800000, 0x0000000800000000)
  region size 2048K, 7 young (14336K), 1 survivors (2048K)
 Metaspace       used 27193K, capacity 27694K, committed 28080K, reserved 1075200K
  class space    used 2266K, capacity 2456K, committed 2560K, reserved 1048576K
}
Event: 18.456 GC heap after
{Heap after GC invocations=15 (full 2):
 garbage-first heap   total 96256K, used 24696K [0x0000000602800000, 0x0000000800000000)
  region size 2048K, 0 young (0K), 0 survivors (0K)
 Metaspace       used 27193K, capacity 27694K, committed 28080K, reserved 1075200K
  class space    used 2266K, capacity 2456K, committed 2560K, reserved 1048576K
}
Event: 18.512 GC heap before
{Heap before GC invocations=15 (full 2):
 garbage-first heap   total 96256K, used 55416K [0x0000000602800000, 0x0000000800000000)
  region size 2048K, 15 young (30720K), 0 survivors (0K)
 Metaspace       used 27201K, capacity 27694K, committed 28080K, reserved 1075200K
  class space    used 2266K, capacity 2456K, committed 2560K, reserved 1048576K
}
Event: 18.515 GC heap after
{Heap after GC invocations=16 (full 2):
 garbage-first heap   total 96256K, used 39953K [0x0000000602800000, 0x0000000800000000)
  region size 2048K, 2 young (4096K), 2 survivors (4096K)
 Metaspace       used 27201K, capacity 27694K, committed 28080K, reserved 1075200K
  class space    used 2266K, capacity 2456K, committed 2560K, reserved 1048576K
}
Event: 18.562 GC heap before
{Heap before GC invocations=16 (full 2):
 garbage-first heap   total 96256K, used 60433K [0x0000000602800000, 0x0000000800000000)
  region size 2048K, 13 young (26624K), 2 survivors (4096K)
 Metaspace       used 27202K, capacity 27694K, committed 28080K, reserved 1075200K
  class space    used 2266K, capacity 2456K, committed 2560K, reserved 1048576K
}
Event: 18.565 GC heap after
{Heap after GC invocations=17 (full 2):
 garbage-first heap   total 96256K, used 49164K [0x0000000602800000, 0x0000000800000000)
  region size 2048K, 2 young (4096K), 2 survivors (4096K)
 Metaspace       used 27202K, capacity 27694K, committed 28080K, reserved 1075200K
  class space    used 2266K, capacity 2456K, committed 2560K, reserved 1048576K
}
Event: 18.642 GC heap before
{Heap before GC invocations=17 (full 2):
 garbage-first heap   total 96256K, used 59404K [0x0000000602800000, 0x0000000800000000)
  region size 2048K, 8 young (16384K), 2 survivors (4096K)
 Metaspace       used 27233K, capacity 27767K, committed 28080K, reserved 1075200K
  class space    used 2270K, capacity 2459K, committed 2560K, reserved 1048576K
}
Event: 18.646 GC heap after
{Heap after GC invocations=18 (full 2):
 garbage-first heap   total 96256K, used 54723K [0x0000000602800000, 0x0000000800000000)
  region size 2048K, 2 young (4096K), 2 survivors (4096K)
 Metaspace       used 27233K, capacity 27767K, committed 28080K, reserved 1075200K
  class space    used 2270K, capacity 2459K, committed 2560K, reserved 1048576K
}
Event: 18.740 GC heap before
{Heap before GC invocations=19 (full 2):
 garbage-first heap   total 96256K, used 73155K [0x0000000602800000, 0x0000000800000000)
  region size 2048K, 8 young (16384K), 2 survivors (4096K)
 Metaspace       used 27287K, capacity 27834K, committed 28336K, reserved 1075200K
  class space    used 2273K, capacity 2460K, committed 2560K, reserved 1048576K
}
Event: 18.743 GC heap after
{Heap after GC invocations=20 (full 2):
 garbage-first heap   total 96256K, used 54971K [0x0000000602800000, 0x0000000800000000)
  region size 2048K, 1 young (2048K), 1 survivors (2048K)
 Metaspace       used 27287K, capacity 27834K, committed 28336K, reserved 1075200K
  class space    used 2273K, capacity 2460K, committed 2560K, reserved 1048576K
}
Event: 18.779 GC heap before
{Heap before GC invocations=20 (full 2):
 garbage-first heap   total 96256K, used 54971K [0x0000000602800000, 0x0000000800000000)
  region size 2048K, 2 young (4096K), 1 survivors (2048K)
 Metaspace       used 27332K, capacity 27837K, committed 28336K, reserved 1075200K
  class space    used 2276K, capacity 2461K, committed 2560K, reserved 1048576K
}
Event: 18.780 GC heap after
{Heap after GC invocations=21 (full 2):
 garbage-first heap   total 96256K, used 55583K [0x0000000602800000, 0x0000000800000000)
  region size 2048K, 1 young (2048K), 1 survivors (2048K)
 Metaspace       used 27332K, capacity 27837K, committed 28336K, reserved 1075200K
  class space    used 2276K, capacity 2461K, committed 2560K, reserved 1048576K
}
Event: 19.635 GC heap before
{Heap before GC invocations=21 (full 2):
 garbage-first heap   total 96256K, used 67871K [0x0000000602800000, 0x0000000800000000)
  region size 2048K, 7 young (14336K), 1 survivors (2048K)
 Metaspace       used 27421K, capacity 27902K, committed 28336K, reserved 1075200K
  class space    used 2276K, capacity 2461K, committed 2560K, reserved 1048576K
}
Event: 19.638 GC heap after
{Heap after GC invocations=22 (full 2):
 garbage-first heap   total 96256K, used 56940K [0x0000000602800000, 0x0000000800000000)
  region size 2048K, 1 young (2048K), 1 survivors (2048K)
 Metaspace       used 27421K, capacity 27902K, committed 28336K, reserved 1075200K
  class space    used 2276K, capacity 2461K, committed 2560K, reserved 1048576K
}
Event: 19.856 GC heap before
{Heap before GC invocations=23 (full 2):
 garbage-first heap   total 96256K, used 69228K [0x0000000602800000, 0x0000000800000000)
  region size 2048K, 7 young (14336K), 1 survivors (2048K)
 Metaspace       used 27481K, capacity 27970K, committed 28336K, reserved 1075200K
  class space    used 2277K, capacity 2462K, committed 2560K, reserved 1048576K
}
Event: 19.858 GC heap after
{Heap after GC invocations=24 (full 2):
 garbage-first heap   total 96256K, used 58653K [0x0000000602800000, 0x0000000800000000)
  region size 2048K, 1 young (2048K), 1 survivors (2048K)
 Metaspace       used 27481K, capacity 27970K, committed 28336K, reserved 1075200K
  class space    used 2277K, capacity 2462K, committed 2560K, reserved 1048576K
}
Event: 19.892 GC heap before
{Heap before GC invocations=24 (full 2):
 garbage-first heap   total 96256K, used 58653K [0x0000000602800000, 0x0000000800000000)
  region size 2048K, 2 young (4096K), 1 survivors (2048K)
 Metaspace       used 27481K, capacity 27970K, committed 28336K, reserved 1075200K
  class space    used 2277K, capacity 2462K, committed 2560K, reserved 1048576K
}
Event: 19.894 GC heap after
{Heap after GC invocations=25 (full 2):
 garbage-first heap   total 96256K, used 56016K [0x0000000602800000, 0x0000000800000000)
  region size 2048K, 1 young (2048K), 1 survivors (2048K)
 Metaspace       used 27481K, capacity 27970K, committed 28336K, reserved 1075200K
  class space    used 2277K, capacity 2462K, committed 2560K, reserved 1048576K
}
Event: 19.927 GC heap before
{Heap before GC invocations=25 (full 2):
 garbage-first heap   total 96256K, used 58064K [0x0000000602800000, 0x0000000800000000)
  region size 2048K, 3 young (6144K), 1 survivors (2048K)
 Metaspace       used 28194K, capacity 28680K, committed 29104K, reserved 1075200K
  class space    used 2334K, capacity 2529K, committed 2560K, reserved 1048576K
}
Event: 19.928 GC heap after
{Heap after GC invocations=26 (full 2):
 garbage-first heap   total 96256K, used 56531K [0x0000000602800000, 0x0000000800000000)
  region size 2048K, 1 young (2048K), 1 survivors (2048K)
 Metaspace       used 28194K, capacity 28680K, committed 29104K, reserved 1075200K
  class space    used 2334K, capacity 2529K, committed 2560K, reserved 1048576K
}

