# JRE version: OpenJDK Runtime Environment Temurin-11.0.18+10 (11.0.18+10) (build 11.0.18+10)
# Java VM: OpenJDK 64-Bit Server VM Temurin-11.0.18+10 (11.0.18+10, mixed mode, tiered, compressed oops, g1 gc, windows-amd64)
Heap:
 garbage-first heap   total 90112K, used 64102K [0x0000000602800000, 0x0000000800000000)
  region size 2048K, 6 young (12288K), 1 survivors (2048K)
 Metaspace       used 28276K, capacity 28779K, committed 29232K, reserved 1075200K
  class space    used 2341K, capacity 2562K, committed 2688K, reserved 1048576K
GC Heap History (20 events):
Event: 12.890 GC heap before
{Heap before GC invocations=10 (full 2):
 garbage-first heap   total 90112K, used 54896K [0x0000000602800000, 0x0000000800000000)
  region size 2048K, 11 young (22528K), 2 survivors (4096K)
 Metaspace       used 27162K, capacity 27694K, committed 28080K, reserved 1075200K
  class space    used 2267K, capacity 2456K, committed 2560K, reserved 1048576K
}
Event: 12.892 GC heap after
{Heap after GC invocations=11 (full 2):
 garbage-first heap   total 90112K, used 47754K [0x0000000602800000, 0x0000000800000000)
  region size 2048K, 2 young (4096K), 2 survivors (4096K)
 Metaspace       used 27162K, capacity 27694K, committed 28080K, reserved 1075200K
  class space    used 2267K, capacity 2456K, committed 2560K, reserved 1048576K
}
Event: 12.936 GC heap before
{Heap before GC invocations=11 (full 2):
 garbage-first heap   total 90112K, used 62090K [0x0000000602800000, 0x0000000800000000)
  region size 2048K, 9 young (18432K), 2 survivors (4096K)
 Metaspace       used 27167K, capacity 27694K, committed 28080K, reserved 1075200K
  class space    used 2267K, capacity 2456K, committed 2560K, reserved 1048576K
}
Event: 12.939 GC heap after
{Heap after GC invocations=12 (full 2):
 garbage-first heap   total 90112K, used 52850K [0x0000000602800000, 0x0000000800000000)
  region size 2048K, 2 young (4096K), 2 survivors (4096K)
 Metaspace       used 27167K, capacity 27694K, committed 28080K, reserved 1075200K
  class space    used 2267K, capacity 2456K, committed 2560K, reserved 1048576K
}
Event: 12.995 GC heap before
{Heap before GC invocations=13 (full 2):
 garbage-first heap   total 90112K, used 71282K [0x0000000602800000, 0x0000000800000000)
  region size 2048K, 8 young (16384K), 2 survivors (4096K)
 Metaspace       used 27234K, capacity 27767K, committed 28080K, reserved 1075200K
  class space    used 2271K, capacity 2459K, committed 2560K, reserved 1048576K
}
Event: 12.999 GC heap after
{Heap after GC invocations=14 (full 2):
 garbage-first heap   total 90112K, used 53200K [0x0000000602800000, 0x0000000800000000)
  region size 2048K, 1 young (2048K), 1 survivors (2048K)
 Metaspace       used 27234K, capacity 27767K, committed 28080K, reserved 1075200K
  class space    used 2271K, capacity 2459K, committed 2560K, reserved 1048576K
}
Event: 13.007 GC heap before
{Heap before GC invocations=14 (full 2):
 garbage-first heap   total 90112K, used 53200K [0x0000000602800000, 0x0000000800000000)
  region size 2048K, 2 young (4096K), 1 survivors (2048K)
 Metaspace       used 27236K, capacity 27767K, committed 28080K, reserved 1075200K
  class space    used 2271K, capacity 2459K, committed 2560K, reserved 1048576K
}
Event: 13.008 GC heap after
{Heap after GC invocations=15 (full 2):
 garbage-first heap   total 90112K, used 52986K [0x0000000602800000, 0x0000000800000000)
  region size 2048K, 1 young (2048K), 1 survivors (2048K)
 Metaspace       used 27236K, capacity 27767K, committed 28080K, reserved 1075200K
  class space    used 2271K, capacity 2459K, committed 2560K, reserved 1048576K
}
Event: 13.436 GC heap before
{Heap before GC invocations=15 (full 2):
 garbage-first heap   total 90112K, used 63226K [0x0000000602800000, 0x0000000800000000)
  region size 2048K, 6 young (12288K), 1 survivors (2048K)
 Metaspace       used 27257K, capacity 27770K, committed 28080K, reserved 1075200K
  class space    used 2273K, capacity 2460K, committed 2560K, reserved 1048576K
}
Event: 13.437 GC heap after
{Heap after GC invocations=16 (full 2):
 garbage-first heap   total 90112K, used 53396K [0x0000000602800000, 0x0000000800000000)
  region size 2048K, 1 young (2048K), 1 survivors (2048K)
 Metaspace       used 27257K, capacity 27770K, committed 28080K, reserved 1075200K
  class space    used 2273K, capacity 2460K, committed 2560K, reserved 1048576K
}
Event: 14.062 GC heap before
{Heap before GC invocations=17 (full 2):
 garbage-first heap   total 90112K, used 65684K [0x0000000602800000, 0x0000000800000000)
  region size 2048K, 7 young (14336K), 1 survivors (2048K)
 Metaspace       used 27356K, capacity 27838K, committed 28336K, reserved 1075200K
  class space    used 2275K, capacity 2461K, committed 2560K, reserved 1048576K
}
Event: 14.062 GC heap after
{Heap after GC invocations=18 (full 2):
 garbage-first heap   total 90112K, used 53463K [0x0000000602800000, 0x0000000800000000)
  region size 2048K, 1 young (2048K), 1 survivors (2048K)
 Metaspace       used 27356K, capacity 27838K, committed 28336K, reserved 1075200K
  class space    used 2275K, capacity 2461K, committed 2560K, reserved 1048576K
}
Event: 14.163 GC heap before
{Heap before GC invocations=18 (full 2):
 garbage-first heap   total 90112K, used 55511K [0x0000000602800000, 0x0000000800000000)
  region size 2048K, 2 young (4096K), 1 survivors (2048K)
 Metaspace       used 27356K, capacity 27838K, committed 28336K, reserved 1075200K
  class space    used 2275K, capacity 2461K, committed 2560K, reserved 1048576K
}
Event: 14.164 GC heap after
{Heap after GC invocations=19 (full 2):
 garbage-first heap   total 90112K, used 51897K [0x0000000602800000, 0x0000000800000000)
  region size 2048K, 1 young (2048K), 1 survivors (2048K)
 Metaspace       used 27356K, capacity 27838K, committed 28336K, reserved 1075200K
  class space    used 2275K, capacity 2461K, committed 2560K, reserved 1048576K
}
Event: 14.688 GC heap before
{Heap before GC invocations=19 (full 2):
 garbage-first heap   total 90112K, used 66233K [0x0000000602800000, 0x0000000800000000)
  region size 2048K, 8 young (16384K), 1 survivors (2048K)
 Metaspace       used 27472K, capacity 27970K, committed 28336K, reserved 1075200K
  class space    used 2276K, capacity 2462K, committed 2560K, reserved 1048576K
}
Event: 14.691 GC heap after
{Heap after GC invocations=20 (full 2):
 garbage-first heap   total 90112K, used 53998K [0x0000000602800000, 0x0000000800000000)
  region size 2048K, 1 young (2048K), 1 survivors (2048K)
 Metaspace       used 27472K, capacity 27970K, committed 28336K, reserved 1075200K
  class space    used 2276K, capacity 2462K, committed 2560K, reserved 1048576K
}
Event: 14.865 GC heap before
{Heap before GC invocations=21 (full 2):
 garbage-first heap   total 90112K, used 66286K [0x0000000602800000, 0x0000000800000000)
  region size 2048K, 8 young (16384K), 1 survivors (2048K)
 Metaspace       used 27483K, capacity 27970K, committed 28336K, reserved 1075200K
  class space    used 2276K, capacity 2462K, committed 2560K, reserved 1048576K
}
Event: 14.867 GC heap after
{Heap after GC invocations=22 (full 2):
 garbage-first heap   total 90112K, used 56390K [0x0000000602800000, 0x0000000800000000)
  region size 2048K, 1 young (2048K), 1 survivors (2048K)
 Metaspace       used 27483K, capacity 27970K, committed 28336K, reserved 1075200K
  class space    used 2276K, capacity 2462K, committed 2560K, reserved 1048576K
}
Event: 14.882 GC heap before
{Heap before GC invocations=22 (full 2):
 garbage-first heap   total 90112K, used 56390K [0x0000000602800000, 0x0000000800000000)
  region size 2048K, 2 young (4096K), 1 survivors (2048K)
 Metaspace       used 27494K, capacity 27970K, committed 28336K, reserved 1075200K
  class space    used 2277K, capacity 2462K, committed 2560K, reserved 1048576K
}
Event: 14.884 GC heap after
{Heap after GC invocations=23 (full 2):
 garbage-first heap   total 90112K, used 55910K [0x0000000602800000, 0x0000000800000000)
  region size 2048K, 1 young (2048K), 1 survivors (2048K)
 Metaspace       used 27494K, capacity 27970K, committed 28336K, reserved 1075200K
  class space    used 2277K, capacity 2462K, committed 2560K, reserved 1048576K
}

